{"/Users/agiammarchi/git/prolly-put/test.js":{"path":"/Users/agiammarchi/git/prolly-put/test.js","s":{"1":1,"2":1,"3":1,"4":1,"5":1,"6":1,"7":1,"8":1,"9":1,"10":1,"11":1,"12":1,"13":1},"b":{"1":[1,1],"2":[1,1],"3":[1,1],"4":[1,1],"5":[1,1]},"f":{},"fnMap":{},"statementMap":{"1":{"start":{"line":1,"column":0},"end":{"line":1,"column":22}},"2":{"start":{"line":3,"column":0},"end":{"line":3,"column":13}},"3":{"start":{"line":4,"column":0},"end":{"line":4,"column":18}},"4":{"start":{"line":5,"column":0},"end":{"line":5,"column":18}},"5":{"start":{"line":6,"column":0},"end":{"line":6,"column":23}},"6":{"start":{"line":7,"column":0},"end":{"line":7,"column":23}},"7":{"start":{"line":9,"column":0},"end":{"line":9,"column":17}},"8":{"start":{"line":10,"column":0},"end":{"line":10,"column":26}},"9":{"start":{"line":12,"column":0},"end":{"line":12,"column":89}},"10":{"start":{"line":13,"column":0},"end":{"line":13,"column":90}},"11":{"start":{"line":14,"column":0},"end":{"line":14,"column":77}},"12":{"start":{"line":15,"column":0},"end":{"line":15,"column":96}},"13":{"start":{"line":16,"column":0},"end":{"line":16,"column":77}}},"branchMap":{"1":{"line":12,"type":"binary-expr","locations":[{"start":{"line":12,"column":15},"end":{"line":12,"column":39}},{"start":{"line":12,"column":43},"end":{"line":12,"column":67}}]},"2":{"line":13,"type":"binary-expr","locations":[{"start":{"line":13,"column":15},"end":{"line":13,"column":44}},{"start":{"line":13,"column":48},"end":{"line":13,"column":70}}]},"3":{"line":14,"type":"binary-expr","locations":[{"start":{"line":14,"column":15},"end":{"line":14,"column":39}},{"start":{"line":14,"column":43},"end":{"line":14,"column":57}}]},"4":{"line":15,"type":"binary-expr","locations":[{"start":{"line":15,"column":15},"end":{"line":15,"column":45}},{"start":{"line":15,"column":49},"end":{"line":15,"column":72}}]},"5":{"line":16,"type":"binary-expr","locations":[{"start":{"line":16,"column":15},"end":{"line":16,"column":36}},{"start":{"line":16,"column":40},"end":{"line":16,"column":53}}]}}},"/Users/agiammarchi/git/prolly-put/index.js":{"path":"/Users/agiammarchi/git/prolly-put/index.js","s":{"1":1,"2":1,"3":1,"4":1,"5":1,"6":1,"7":1,"8":1,"9":1,"10":1,"11":1,"12":1,"13":1,"14":1,"15":1,"16":1,"17":5},"b":{},"f":{"1":1,"2":1,"3":1,"4":1,"5":1,"6":1,"7":5},"fnMap":{"1":{"name":"(anonymous_1)","line":1,"loc":{"start":{"line":1,"column":1},"end":{"line":1,"column":16}}},"2":{"name":"put","line":3,"loc":{"start":{"line":3,"column":13},"end":{"line":3,"column":33}}},"3":{"name":"put","line":7,"loc":{"start":{"line":7,"column":11},"end":{"line":7,"column":36}}},"4":{"name":"put","line":11,"loc":{"start":{"line":11,"column":11},"end":{"line":11,"column":31}}},"5":{"name":"put","line":15,"loc":{"start":{"line":15,"column":15},"end":{"line":15,"column":40}}},"6":{"name":"put","line":19,"loc":{"start":{"line":19,"column":15},"end":{"line":19,"column":35}}},"7":{"name":"(anonymous_7)","line":23,"loc":{"start":{"line":23,"column":2},"end":{"line":23,"column":29}}}},"statementMap":{"1":{"start":{"line":1,"column":0},"end":{"line":29,"column":4}},"2":{"start":{"line":3,"column":2},"end":{"line":6,"column":5}},"3":{"start":{"line":4,"column":4},"end":{"line":4,"column":21}},"4":{"start":{"line":5,"column":4},"end":{"line":5,"column":17}},"5":{"start":{"line":7,"column":2},"end":{"line":10,"column":5}},"6":{"start":{"line":8,"column":4},"end":{"line":8,"column":25}},"7":{"start":{"line":9,"column":4},"end":{"line":9,"column":17}},"8":{"start":{"line":11,"column":2},"end":{"line":14,"column":5}},"9":{"start":{"line":12,"column":4},"end":{"line":12,"column":20}},"10":{"start":{"line":13,"column":4},"end":{"line":13,"column":17}},"11":{"start":{"line":15,"column":2},"end":{"line":18,"column":5}},"12":{"start":{"line":16,"column":4},"end":{"line":16,"column":25}},"13":{"start":{"line":17,"column":4},"end":{"line":17,"column":17}},"14":{"start":{"line":19,"column":2},"end":{"line":22,"column":5}},"15":{"start":{"line":20,"column":4},"end":{"line":20,"column":20}},"16":{"start":{"line":21,"column":4},"end":{"line":21,"column":17}},"17":{"start":{"line":24,"column":2},"end":{"line":28,"column":5}}},"branchMap":{}}}