TN:
SF:/Users/agiammarchi/git/prolly-put/test.js
FNF:0
FNH:0
DA:1,1
DA:3,1
DA:4,1
DA:5,1
DA:6,1
DA:7,1
DA:9,1
DA:10,1
DA:12,1
DA:13,1
DA:14,1
DA:15,1
DA:16,1
LF:13
LH:13
BRDA:12,1,0,1
BRDA:12,1,1,1
BRDA:13,2,0,1
BRDA:13,2,1,1
BRDA:14,3,0,1
BRDA:14,3,1,1
BRDA:15,4,0,1
BRDA:15,4,1,1
BRDA:16,5,0,1
BRDA:16,5,1,1
BRF:10
BRH:10
end_of_record
TN:
SF:/Users/agiammarchi/git/prolly-put/index.js
FN:1,(anonymous_1)
FN:3,put
FN:7,put
FN:11,put
FN:15,put
FN:19,put
FN:23,(anonymous_7)
FNF:7
FNH:7
FNDA:1,(anonymous_1)
FNDA:1,put
FNDA:1,put
FNDA:1,put
FNDA:1,put
FNDA:1,put
FNDA:5,(anonymous_7)
DA:1,1
DA:3,1
DA:4,1
DA:5,1
DA:7,1
DA:8,1
DA:9,1
DA:11,1
DA:12,1
DA:13,1
DA:15,1
DA:16,1
DA:17,1
DA:19,1
DA:20,1
DA:21,1
DA:24,5
LF:17
LH:17
BRF:0
BRH:0
end_of_record
